[debug] [2021-09-03T05:38:34.627Z] ----------------------------------------------------------------------
[debug] [2021-09-03T05:38:34.634Z] Command:       C:\Program Files\nodejs\node.exe C:\Users\ACER\AppData\Roaming\npm\node_modules\firebase-tools\lib\bin\firebase.js init
[debug] [2021-09-03T05:38:34.635Z] CLI Version:   9.16.5
[debug] [2021-09-03T05:38:34.635Z] Platform:      win32
[debug] [2021-09-03T05:38:34.635Z] Node Version:  v14.15.0
[debug] [2021-09-03T05:38:34.638Z] Time:          Fri Sep 03 2021 06:38:34 GMT+0100 (West Africa Standard Time)
[debug] [2021-09-03T05:38:34.638Z] ----------------------------------------------------------------------
[debug] 
[debug] [2021-09-03T05:38:34.666Z] >>> [apiv2][query] GET https://firebase-public.firebaseio.com/cli.json [none]
[debug] [2021-09-03T05:38:34.806Z] > command requires scopes: ["email","openid","https://www.googleapis.com/auth/cloudplatformprojects.readonly","https://www.googleapis.com/auth/firebase","https://www.googleapis.com/auth/cloud-platform"]
[debug] [2021-09-03T05:38:34.807Z] > authorizing via signed-in user (sdqumar09@gmail.com)
[info] 
     ######## #### ########  ######## ########     ###     ######  ########
     ##        ##  ##     ## ##       ##     ##  ##   ##  ##       ##
     ######    ##  ########  ######   ########  #########  ######  ######
     ##        ##  ##    ##  ##       ##     ## ##     ##       ## ##
     ##       #### ##     ## ######## ########  ##     ##  ######  ########

You're about to initialize a Firebase project in this directory:

  C:\sadeeq\Main Project\Academic Plug

Before we get started, keep in mind:

  * You are currently outside your home directory

